[debug] [2022-06-13T19:48:34.154Z] ----------------------------------------------------------------------
[debug] [2022-06-13T19:48:34.157Z] Command:       /usr/local/bin/node /usr/local/bin/firebase deploy
[debug] [2022-06-13T19:48:34.157Z] CLI Version:   11.0.1
[debug] [2022-06-13T19:48:34.157Z] Platform:      darwin
[debug] [2022-06-13T19:48:34.157Z] Node Version:  v16.15.0
[debug] [2022-06-13T19:48:34.158Z] Time:          Mon Jun 13 2022 22:48:34 GMT+0300 (Eastern European Summer Time)
[debug] [2022-06-13T19:48:34.159Z] ----------------------------------------------------------------------
[debug] 
[debug] [2022-06-13T19:48:34.212Z] > command requires scopes: ["email","openid","https://www.googleapis.com/auth/cloudplatformprojects.readonly","https://www.googleapis.com/auth/firebase","https://www.googleapis.com/auth/cloud-platform"]
[debug] [2022-06-13T19:48:34.212Z] > authorizing via signed-in user (pinchuk.andryusha310212@gmail.com)
[debug] [2022-06-13T19:48:34.212Z] [iam] checking project kishka-strybaie for permissions ["firebase.projects.get","firebasehosting.sites.update"]
[debug] [2022-06-13T19:48:34.214Z] >>> [apiv2][query] POST https://cloudresourcemanager.googleapis.com/v1/projects/kishka-strybaie:testIamPermissions [none]
[debug] [2022-06-13T19:48:34.214Z] >>> [apiv2][body] POST https://cloudresourcemanager.googleapis.com/v1/projects/kishka-strybaie:testIamPermissions {"permissions":["firebase.projects.get","firebasehosting.sites.update"]}
[debug] [2022-06-13T19:48:35.080Z] <<< [apiv2][status] POST https://cloudresourcemanager.googleapis.com/v1/projects/kishka-strybaie:testIamPermissions 200
[debug] [2022-06-13T19:48:35.080Z] <<< [apiv2][body] POST https://cloudresourcemanager.googleapis.com/v1/projects/kishka-strybaie:testIamPermissions {"permissions":["firebase.projects.get","firebasehosting.sites.update"]}
[debug] [2022-06-13T19:48:35.081Z] >>> [apiv2][query] GET https://firebase.googleapis.com/v1beta1/projects/kishka-strybaie [none]
[debug] [2022-06-13T19:48:35.444Z] <<< [apiv2][status] GET https://firebase.googleapis.com/v1beta1/projects/kishka-strybaie 200
[debug] [2022-06-13T19:48:35.444Z] <<< [apiv2][body] GET https://firebase.googleapis.com/v1beta1/projects/kishka-strybaie {"projectId":"kishka-strybaie","projectNumber":"728088224077","displayName":"kishka-strybaie","name":"projects/kishka-strybaie","resources":{"hostingSite":"kishka-strybaie"},"state":"ACTIVE"}
[info] 
[info] === Deploying to 'kishka-strybaie'...
[info] 
[info] i  deploying hosting 
[debug] [2022-06-13T19:48:35.446Z] >>> [apiv2][query] GET https://firebase.googleapis.com/v1beta1/projects/kishka-strybaie [none]
[debug] [2022-06-13T19:48:35.775Z] <<< [apiv2][status] GET https://firebase.googleapis.com/v1beta1/projects/kishka-strybaie 200
[debug] [2022-06-13T19:48:35.775Z] <<< [apiv2][body] GET https://firebase.googleapis.com/v1beta1/projects/kishka-strybaie {"projectId":"kishka-strybaie","projectNumber":"728088224077","displayName":"kishka-strybaie","name":"projects/kishka-strybaie","resources":{"hostingSite":"kishka-strybaie"},"state":"ACTIVE"}
[debug] [2022-06-13T19:48:35.777Z] >>> [apiv2][query] POST https://firebasehosting.googleapis.com/v1beta1/projects/728088224077/sites/kishka-strybaie/versions [none]
[debug] [2022-06-13T19:48:35.777Z] >>> [apiv2][body] POST https://firebasehosting.googleapis.com/v1beta1/projects/728088224077/sites/kishka-strybaie/versions {"config":{"rewrites":[{"glob":"/en/**","path":"/en/index.html"},{"glob":"/uk/**","path":"/uk/index.html"},{"glob":"**","path":"/uk/index.html"}]},"labels":{"deployment-tool":"cli-firebase"}}
[debug] [2022-06-13T19:48:37.102Z] <<< [apiv2][status] POST https://firebasehosting.googleapis.com/v1beta1/projects/728088224077/sites/kishka-strybaie/versions 200
[debug] [2022-06-13T19:48:37.102Z] <<< [apiv2][body] POST https://firebasehosting.googleapis.com/v1beta1/projects/728088224077/sites/kishka-strybaie/versions {"name":"projects/728088224077/sites/kishka-strybaie/versions/3fa5a2f4581aa521","status":"CREATED","config":{"rewrites":[{"glob":"/en/**","path":"/en/index.html"},{"glob":"/uk/**","path":"/uk/index.html"},{"glob":"**","path":"/uk/index.html"}]},"labels":{"deployment-tool":"cli-firebase"}}
[info] i  hosting[kishka-strybaie]: beginning deploy... 
[info] i  hosting[kishka-strybaie]: found 24 files in dist 
[debug] [2022-06-13T19:48:37.110Z] [hosting] uploading with 200 concurrency
[debug] [2022-06-13T19:48:37.269Z] [hosting] hash cache [ZGlzdA] stored for 24 files
[debug] [2022-06-13T19:48:37.269Z] [hosting][hash queue][FINAL] {"max":154,"min":23,"avg":61.916666666666664,"active":0,"complete":24,"success":24,"errored":0,"retried":0,"total":24,"elapsed":159}
[debug] [2022-06-13T19:48:37.269Z] >>> [apiv2][query] POST https://firebasehosting.googleapis.com/v1beta1/projects/728088224077/sites/kishka-strybaie/versions/3fa5a2f4581aa521:populateFiles [none]
[debug] [2022-06-13T19:48:37.269Z] >>> [apiv2][body] POST https://firebasehosting.googleapis.com/v1beta1/projects/728088224077/sites/kishka-strybaie/versions/3fa5a2f4581aa521:populateFiles {"files":{"/en/favicon.ico":"23556985bb2ea730b31b912f9679b201c6c88f07c41d3ad08394f7aed5451b70","/en/index.html":"1af592caf572678fd8d6e7eb129f4c092eceb56b59d0493a5fe77dc1a5b420a8","/en/runtime.854804a92b09a8e5.js":"68fc039fc15fece2fa51f03259c87d96624cd514d0079895ef4658930ef8d450","/en/3rdpartylicenses.txt":"a507cd0e0882b15a5821252ab37eb666d8e9f83902c67c17eed11f398e048751","/en/assets/homepage/logo.jpeg":"23556985bb2ea730b31b912f9679b201c6c88f07c41d3ad08394f7aed5451b70","/uk/favicon.ico":"23556985bb2ea730b31b912f9679b201c6c88f07c41d3ad08394f7aed5451b70","/uk/index.html":"ae988af28ddbd413004d5f71eccd564bad26293f7bbd2edb98c9f36ce5e2e970","/uk/3rdpartylicenses.txt":"a507cd0e0882b15a5821252ab37eb666d8e9f83902c67c17eed11f398e048751","/uk/runtime.854804a92b09a8e5.js":"68fc039fc15fece2fa51f03259c87d96624cd514d0079895ef4658930ef8d450","/uk/polyfills.36c448e346dc8cfa.js":"ab4911c9e95f779f5115b0ecb0aeab5cb2f2e8a48c74491d5792df7c3ea42e90","/uk/assets/homepage/logo.jpeg":"23556985bb2ea730b31b912f9679b201c6c88f07c41d3ad08394f7aed5451b70","/en/polyfills.36c448e346dc8cfa.js":"ab4911c9e95f779f5115b0ecb0aeab5cb2f2e8a48c74491d5792df7c3ea42e90","/en/styles.6ed182e935ad8620.css":"7ed048357fbe81dcac4afc02fbd92dda02c895bfd8c5c48c2d1f62623b474bb7","/en/assets/homepage/main-2.png":"68167ae960f478e110d67b0d5c96cbf8d2a935177ffd24115e648784d17203ed","/uk/assets/homepage/main-2.png":"68167ae960f478e110d67b0d5c96cbf8d2a935177ffd24115e648784d17203ed","/en/assets/homepage/watercolor-background-grey-watercolour-painting-textured-design-white-paper-background_7190-3250.webp":"7c8d0e8a43c7cdb98f6096404a80ca62073d12579975d040a1f4d30a9de6c509","/uk/assets/homepage/watercolor-background-grey-watercolour-painting-textured-design-white-paper-background_7190-3250.webp":"7c8d0e8a43c7cdb98f6096404a80ca62073d12579975d040a1f4d30a9de6c509","/en/assets/homepage/background-1.jpeg":"20659ee61f5207f9521b30eab8d24c060a308e32d99447a0d3a3a6b538655665","/uk/assets/homepage/background-1.jpeg":"20659ee61f5207f9521b30eab8d24c060a308e32d99447a0d3a3a6b538655665","/en/assets/homepage/main-1-nobackground.png":"f13c95b613364b6475896a8da26d06e5f6b70fd873fe03b02ec6e8024a2a8ad6","/uk/assets/homepage/main-1-nobackground.png":"f13c95b613364b6475896a8da26d06e5f6b70fd873fe03b02ec6e8024a2a8ad6","/en/main.e05e80c3265aba70.js":"342aa69a4a6350c2d97139a99df1c436deae5134aa9480f16507aee3952088f6","/uk/main.e05e80c3265aba70.js":"9bdce449039393a4029234d5640d88862a2acaac1d0d2b002e33d1c527b542e4","/uk/styles.6ed182e935ad8620.css":"7ed048357fbe81dcac4afc02fbd92dda02c895bfd8c5c48c2d1f62623b474bb7"}}
[debug] [2022-06-13T19:48:38.646Z] <<< [apiv2][status] POST https://firebasehosting.googleapis.com/v1beta1/projects/728088224077/sites/kishka-strybaie/versions/3fa5a2f4581aa521:populateFiles 200
[debug] [2022-06-13T19:48:38.647Z] <<< [apiv2][body] POST https://firebasehosting.googleapis.com/v1beta1/projects/728088224077/sites/kishka-strybaie/versions/3fa5a2f4581aa521:populateFiles {"uploadRequiredHashes":["342aa69a4a6350c2d97139a99df1c436deae5134aa9480f16507aee3952088f6","9bdce449039393a4029234d5640d88862a2acaac1d0d2b002e33d1c527b542e4","ae988af28ddbd413004d5f71eccd564bad26293f7bbd2edb98c9f36ce5e2e970","1af592caf572678fd8d6e7eb129f4c092eceb56b59d0493a5fe77dc1a5b420a8"],"uploadUrl":"https://upload-firebasehosting.googleapis.com/upload/sites/kishka-strybaie/versions/3fa5a2f4581aa521/files"}
[debug] [2022-06-13T19:48:38.647Z] >>> [apiv2][query] POST https://upload-firebasehosting.googleapis.com/upload/sites/kishka-strybaie/versions/3fa5a2f4581aa521/files/342aa69a4a6350c2d97139a99df1c436deae5134aa9480f16507aee3952088f6 [none]
[debug] [2022-06-13T19:48:38.647Z] >>> [apiv2][body] POST https://upload-firebasehosting.googleapis.com/upload/sites/kishka-strybaie/versions/3fa5a2f4581aa521/files/342aa69a4a6350c2d97139a99df1c436deae5134aa9480f16507aee3952088f6 [stream]
[debug] [2022-06-13T19:48:38.648Z] >>> [apiv2][query] POST https://upload-firebasehosting.googleapis.com/upload/sites/kishka-strybaie/versions/3fa5a2f4581aa521/files/9bdce449039393a4029234d5640d88862a2acaac1d0d2b002e33d1c527b542e4 [none]
[debug] [2022-06-13T19:48:38.648Z] >>> [apiv2][body] POST https://upload-firebasehosting.googleapis.com/upload/sites/kishka-strybaie/versions/3fa5a2f4581aa521/files/9bdce449039393a4029234d5640d88862a2acaac1d0d2b002e33d1c527b542e4 [stream]
[debug] [2022-06-13T19:48:38.649Z] >>> [apiv2][query] POST https://upload-firebasehosting.googleapis.com/upload/sites/kishka-strybaie/versions/3fa5a2f4581aa521/files/ae988af28ddbd413004d5f71eccd564bad26293f7bbd2edb98c9f36ce5e2e970 [none]
[debug] [2022-06-13T19:48:38.649Z] >>> [apiv2][body] POST https://upload-firebasehosting.googleapis.com/upload/sites/kishka-strybaie/versions/3fa5a2f4581aa521/files/ae988af28ddbd413004d5f71eccd564bad26293f7bbd2edb98c9f36ce5e2e970 [stream]
[debug] [2022-06-13T19:48:38.649Z] >>> [apiv2][query] POST https://upload-firebasehosting.googleapis.com/upload/sites/kishka-strybaie/versions/3fa5a2f4581aa521/files/1af592caf572678fd8d6e7eb129f4c092eceb56b59d0493a5fe77dc1a5b420a8 [none]
[debug] [2022-06-13T19:48:38.650Z] >>> [apiv2][body] POST https://upload-firebasehosting.googleapis.com/upload/sites/kishka-strybaie/versions/3fa5a2f4581aa521/files/1af592caf572678fd8d6e7eb129f4c092eceb56b59d0493a5fe77dc1a5b420a8 [stream]
[debug] [2022-06-13T19:48:38.650Z] [hosting][populate queue][FINAL] {"max":1379,"min":1379,"avg":1379,"active":0,"complete":1,"success":1,"errored":0,"retried":0,"total":1,"elapsed":1382}
[debug] [2022-06-13T19:48:38.651Z] [hosting] uploads queued: 4
